2019-09-24 21:29:05,982  INFO [main] nopCommerceSDET:33 - ************* Launching Browser *****************
2019-09-24 21:29:06,013  INFO [main] nopCommerceSDET:39 - ************* Opening URL  *****************
2019-09-24 21:29:09,761  INFO [main] nopCommerceSDET:46 - ************* Prvding user and password *****************
2019-09-24 21:29:10,175  INFO [main] nopCommerceSDET:53 - ************* click on login *****************
2019-09-24 21:29:17,120  INFO [main] nopCommerceSDET:94 - ********* Verifying Dashboad page title after login successful **************
2019-09-24 21:29:20,155  INFO [main] nopCommerceSDET:101 - ********* Clicking on customer main menu **************
2019-09-24 21:29:22,294  INFO [main] nopCommerceSDET:108 - ********* Clicking on customer sub menu **************
2019-09-24 21:29:34,916  INFO [main] nopCommerceSDET:145 - ********* Saving customer details **************
2019-09-24 21:29:39,107  INFO [main] nopCommerceSDET:84 - ************* cloding browser *****************
2019-09-24 21:29:42,151  INFO [main] nopCommerceSDET:33 - ************* Launching Browser *****************
2019-09-24 21:29:42,153  INFO [main] nopCommerceSDET:39 - ************* Opening URL  *****************
2019-09-24 21:29:44,922  INFO [main] nopCommerceSDET:46 - ************* Prvding user and password *****************
2019-09-24 21:29:45,318  INFO [main] nopCommerceSDET:53 - ************* click on login *****************
2019-09-24 21:29:51,379  INFO [main] nopCommerceSDET:94 - ********* Verifying Dashboad page title after login successful **************
2019-09-24 21:29:54,412  INFO [main] nopCommerceSDET:101 - ********* Clicking on customer main menu **************
2019-09-24 21:29:56,514  INFO [main] nopCommerceSDET:108 - ********* Clicking on customer sub menu **************
2019-09-24 21:29:57,856  INFO [main] nopCommerceSDET:160 - ********* Searching customer details by Email **************
2019-09-24 21:30:01,568  INFO [main] nopCommerceSDET:84 - ************* cloding browser *****************
2019-09-24 21:30:04,727  INFO [main] nopCommerceSDET:33 - ************* Launching Browser *****************
2019-09-24 21:30:04,730  INFO [main] nopCommerceSDET:39 - ************* Opening URL  *****************
2019-09-24 21:30:07,464  INFO [main] nopCommerceSDET:46 - ************* Prvding user and password *****************
2019-09-24 21:30:07,916  INFO [main] nopCommerceSDET:53 - ************* click on login *****************
2019-09-24 21:30:14,057  INFO [main] nopCommerceSDET:68 - ************* Login Passed *****************
2019-09-24 21:30:17,072  INFO [main] nopCommerceSDET:77 - ************* clciking on logout *****************
2019-09-24 21:30:21,708  INFO [main] nopCommerceSDET:68 - ************* Login Passed *****************
2019-09-24 21:30:24,719  INFO [main] nopCommerceSDET:84 - ************* cloding browser *****************
2019-09-24 21:43:04,275  INFO [main] nopCommerceSDET:62 - ************* Launching Browser *****************
2019-09-24 21:43:04,388  INFO [main] nopCommerceSDET:68 - ************* Opening URL  *****************
2019-09-24 21:43:07,442  INFO [main] nopCommerceSDET:75 - ************* Prvding user and password *****************
2019-09-24 21:43:07,629  INFO [main] nopCommerceSDET:82 - ************* click on login *****************
2019-09-24 21:43:15,948  INFO [main] nopCommerceSDET:123 - ********* Verifying Dashboad page title after login successful **************
2019-09-24 21:43:18,970  INFO [main] nopCommerceSDET:130 - ********* Clicking on customer main menu **************
2019-09-24 21:43:21,240  INFO [main] nopCommerceSDET:137 - ********* Clicking on customer sub menu **************
2019-09-24 21:43:36,019  INFO [main] nopCommerceSDET:174 - ********* Saving customer details **************
2019-09-24 21:43:41,304  INFO [main] nopCommerceSDET:113 - ************* cloding browser *****************
2019-09-24 21:43:51,860  INFO [main] nopCommerceSDET:62 - ************* Launching Browser *****************
2019-09-24 21:43:51,863  INFO [main] nopCommerceSDET:68 - ************* Opening URL  *****************
2019-09-24 21:43:55,183  INFO [main] nopCommerceSDET:75 - ************* Prvding user and password *****************
2019-09-24 21:43:55,423  INFO [main] nopCommerceSDET:82 - ************* click on login *****************
2019-09-24 21:44:08,100  INFO [main] nopCommerceSDET:123 - ********* Verifying Dashboad page title after login successful **************
2019-09-24 21:44:11,119  INFO [main] nopCommerceSDET:130 - ********* Clicking on customer main menu **************
2019-09-24 21:44:13,411  INFO [main] nopCommerceSDET:137 - ********* Clicking on customer sub menu **************
2019-09-24 21:44:15,250  INFO [main] nopCommerceSDET:189 - ********* Searching customer details by Email **************
2019-09-24 21:44:19,031  INFO [main] nopCommerceSDET:113 - ************* cloding browser *****************
2019-09-24 21:44:26,264  INFO [main] nopCommerceSDET:62 - ************* Launching Browser *****************
2019-09-24 21:44:26,275  INFO [main] nopCommerceSDET:68 - ************* Opening URL  *****************
2019-09-24 21:44:28,285  INFO [main] nopCommerceSDET:75 - ************* Prvding user and password *****************
2019-09-24 21:44:28,498  INFO [main] nopCommerceSDET:82 - ************* click on login *****************
2019-09-24 21:44:34,533  INFO [main] nopCommerceSDET:97 - ************* Login Passed *****************
2019-09-24 21:44:37,546  INFO [main] nopCommerceSDET:106 - ************* clciking on logout *****************
2019-09-24 21:44:42,088  INFO [main] nopCommerceSDET:97 - ************* Login Passed *****************
2019-09-24 21:44:45,098  INFO [main] nopCommerceSDET:113 - ************* cloding browser *****************
2019-09-24 21:53:34,775  INFO [main] nopCommerceSDET:62 - ************* Launching Browser *****************
2019-09-24 21:53:34,953  INFO [main] nopCommerceSDET:68 - ************* Opening URL  *****************
2019-09-24 21:53:38,470  INFO [main] nopCommerceSDET:75 - ************* Prvding user and password *****************
2019-09-24 21:53:38,747  INFO [main] nopCommerceSDET:82 - ************* click on login *****************
2019-09-24 21:53:46,860  INFO [main] nopCommerceSDET:123 - ********* Verifying Dashboad page title after login successful **************
2019-09-24 21:53:49,879  INFO [main] nopCommerceSDET:130 - ********* Clicking on customer main menu **************
2019-09-24 21:53:52,158  INFO [main] nopCommerceSDET:137 - ********* Clicking on customer sub menu **************
2019-09-24 21:54:05,797  INFO [main] nopCommerceSDET:174 - ********* Saving customer details **************
2019-09-24 21:54:11,194  INFO [main] nopCommerceSDET:113 - ************* cloding browser *****************
2019-09-24 21:54:19,851  INFO [main] nopCommerceSDET:62 - ************* Launching Browser *****************
2019-09-24 21:54:19,854  INFO [main] nopCommerceSDET:68 - ************* Opening URL  *****************
2019-09-24 21:54:22,091  INFO [main] nopCommerceSDET:75 - ************* Prvding user and password *****************
2019-09-24 21:54:22,275  INFO [main] nopCommerceSDET:82 - ************* click on login *****************
2019-09-24 21:54:27,912  INFO [main] nopCommerceSDET:97 - ************* Login Passed *****************
2019-09-24 21:54:30,927  INFO [main] nopCommerceSDET:106 - ************* clciking on logout *****************
2019-09-24 21:54:35,514  INFO [main] nopCommerceSDET:97 - ************* Login Passed *****************
2019-09-24 21:54:38,525  INFO [main] nopCommerceSDET:113 - ************* cloding browser *****************
2019-09-24 21:57:25,321  INFO [main] nopCommerceSDET:62 - ************* Launching Browser *****************
2019-09-24 21:57:25,386  INFO [main] nopCommerceSDET:68 - ************* Opening URL  *****************
2019-09-24 21:57:29,100  INFO [main] nopCommerceSDET:75 - ************* Prvding user and password *****************
2019-09-24 21:57:29,556  INFO [main] nopCommerceSDET:82 - ************* click on login *****************
2019-09-24 21:57:36,132  INFO [main] nopCommerceSDET:123 - ********* Verifying Dashboad page title after login successful **************
2019-09-24 21:57:39,161  INFO [main] nopCommerceSDET:130 - ********* Clicking on customer main menu **************
2019-09-24 21:57:41,302  INFO [main] nopCommerceSDET:137 - ********* Clicking on customer sub menu **************
2019-09-24 21:57:55,252  INFO [main] nopCommerceSDET:174 - ********* Saving customer details **************
2019-09-24 21:57:59,807  INFO [main] nopCommerceSDET:113 - ************* cloding browser *****************
2019-09-24 21:58:03,099  INFO [main] nopCommerceSDET:62 - ************* Launching Browser *****************
2019-09-24 21:58:03,103  INFO [main] nopCommerceSDET:68 - ************* Opening URL  *****************
2019-09-24 21:58:05,783  INFO [main] nopCommerceSDET:75 - ************* Prvding user and password *****************
2019-09-24 21:58:06,162  INFO [main] nopCommerceSDET:82 - ************* click on login *****************
2019-09-24 21:58:10,970  INFO [main] nopCommerceSDET:97 - ************* Login Passed *****************
2019-09-24 21:58:14,058  INFO [main] nopCommerceSDET:106 - ************* clciking on logout *****************
2019-09-24 21:58:18,564  INFO [main] nopCommerceSDET:97 - ************* Login Passed *****************
2019-09-24 21:58:21,580  INFO [main] nopCommerceSDET:113 - ************* cloding browser *****************
2019-09-24 22:00:00,634  INFO [main] nopCommerceSDET:62 - ************* Launching Browser *****************
2019-09-24 22:00:00,743  INFO [main] nopCommerceSDET:68 - ************* Opening URL  *****************
2019-09-24 22:00:06,151  INFO [main] nopCommerceSDET:75 - ************* Prvding user and password *****************
2019-09-24 22:00:06,603  INFO [main] nopCommerceSDET:82 - ************* click on login *****************
2019-09-24 22:00:29,387  INFO [main] nopCommerceSDET:123 - ********* Verifying Dashboad page title after login successful **************
2019-09-24 22:00:32,518  INFO [main] nopCommerceSDET:130 - ********* Clicking on customer main menu **************
2019-09-24 22:00:34,702  INFO [main] nopCommerceSDET:137 - ********* Clicking on customer sub menu **************
2019-09-24 22:00:50,194  INFO [main] nopCommerceSDET:174 - ********* Saving customer details **************
2019-09-24 22:00:55,005  INFO [main] nopCommerceSDET:113 - ************* cloding browser *****************
2019-09-24 22:00:58,326  INFO [main] nopCommerceSDET:62 - ************* Launching Browser *****************
2019-09-24 22:00:58,327  INFO [main] nopCommerceSDET:68 - ************* Opening URL  *****************
2019-09-24 22:01:02,171  INFO [main] nopCommerceSDET:75 - ************* Prvding user and password *****************
2019-09-24 22:01:02,615  INFO [main] nopCommerceSDET:82 - ************* click on login *****************
2019-09-24 22:01:10,604  INFO [main] nopCommerceSDET:97 - ************* Login Passed *****************
2019-09-24 22:01:13,696  INFO [main] nopCommerceSDET:106 - ************* clciking on logout *****************
2019-09-24 22:01:19,540  INFO [main] nopCommerceSDET:97 - ************* Login Passed *****************
2019-09-24 22:01:22,560  INFO [main] nopCommerceSDET:113 - ************* cloding browser *****************
2019-09-24 22:06:50,066  INFO [main] nopCommerceSDET:62 - ************* Launching Browser *****************
2019-09-24 22:06:50,120  INFO [main] nopCommerceSDET:68 - ************* Opening URL  *****************
2019-09-24 22:06:54,835  INFO [main] nopCommerceSDET:75 - ************* Prvding user and password *****************
2019-09-24 22:06:55,272  INFO [main] nopCommerceSDET:82 - ************* click on login *****************
2019-09-24 22:07:02,089  INFO [main] nopCommerceSDET:123 - ********* Verifying Dashboad page title after login successful **************
2019-09-24 22:07:05,112  INFO [main] nopCommerceSDET:130 - ********* Clicking on customer main menu **************
2019-09-24 22:07:07,213  INFO [main] nopCommerceSDET:137 - ********* Clicking on customer sub menu **************
2019-09-24 22:07:20,301  INFO [main] nopCommerceSDET:174 - ********* Saving customer details **************
2019-09-24 22:07:24,646  INFO [main] nopCommerceSDET:113 - ************* cloding browser *****************
2019-09-24 22:07:27,888  INFO [main] nopCommerceSDET:62 - ************* Launching Browser *****************
2019-09-24 22:07:27,890  INFO [main] nopCommerceSDET:68 - ************* Opening URL  *****************
2019-09-24 22:07:31,890  INFO [main] nopCommerceSDET:75 - ************* Prvding user and password *****************
2019-09-24 22:07:32,340  INFO [main] nopCommerceSDET:82 - ************* click on login *****************
2019-09-24 22:07:38,918  INFO [main] nopCommerceSDET:97 - ************* Login Passed *****************
2019-09-24 22:07:42,037  INFO [main] nopCommerceSDET:106 - ************* clciking on logout *****************
2019-09-24 22:07:46,555  INFO [main] nopCommerceSDET:97 - ************* Login Passed *****************
2019-09-24 22:07:49,582  INFO [main] nopCommerceSDET:113 - ************* cloding browser *****************
2019-09-24 22:11:20,734  INFO [main] nopCommerceSDET:62 - ************* Launching Browser *****************
2019-09-24 22:11:20,779  INFO [main] nopCommerceSDET:68 - ************* Opening URL  *****************
2019-09-24 22:11:24,655  INFO [main] nopCommerceSDET:75 - ************* Prvding user and password *****************
2019-09-24 22:11:25,030  INFO [main] nopCommerceSDET:82 - ************* click on login *****************
2019-09-24 22:11:31,080  INFO [main] nopCommerceSDET:123 - ********* Verifying Dashboad page title after login successful **************
2019-09-24 22:11:34,105  INFO [main] nopCommerceSDET:130 - ********* Clicking on customer main menu **************
2019-09-24 22:11:36,208  INFO [main] nopCommerceSDET:137 - ********* Clicking on customer sub menu **************
2019-09-24 22:11:49,406  INFO [main] nopCommerceSDET:174 - ********* Saving customer details **************
2019-09-24 22:11:53,593  INFO [main] nopCommerceSDET:113 - ************* cloding browser *****************
2019-09-24 22:11:56,891  INFO [main] nopCommerceSDET:62 - ************* Launching Browser *****************
2019-09-24 22:11:56,893  INFO [main] nopCommerceSDET:68 - ************* Opening URL  *****************
2019-09-24 22:12:00,762  INFO [main] nopCommerceSDET:75 - ************* Prvding user and password *****************
2019-09-24 22:12:01,181  INFO [main] nopCommerceSDET:82 - ************* click on login *****************
2019-09-24 22:12:07,503  INFO [main] nopCommerceSDET:97 - ************* Login Passed *****************
2019-09-24 22:12:10,523  INFO [main] nopCommerceSDET:106 - ************* clciking on logout *****************
2019-09-24 22:12:15,036  INFO [main] nopCommerceSDET:97 - ************* Login Passed *****************
2019-09-24 22:12:18,051  INFO [main] nopCommerceSDET:113 - ************* cloding browser *****************
2023-01-14 23:22:14,979  INFO [main] nopCommerceSDET:62 - ************* Launching Browser *****************
2023-01-14 23:22:15,134  INFO [main] nopCommerceSDET:68 - ************* Opening URL  *****************
2023-01-14 23:22:17,986  INFO [main] nopCommerceSDET:75 - ************* Prvding user and password *****************
2023-01-14 23:22:18,357  INFO [main] nopCommerceSDET:82 - ************* click on login *****************
2023-01-14 23:22:20,070  INFO [main] nopCommerceSDET:62 - ************* Launching Browser *****************
2023-01-14 23:22:20,072  INFO [main] nopCommerceSDET:68 - ************* Opening URL  *****************
2023-01-14 23:22:25,079  INFO [main] nopCommerceSDET:75 - ************* Prvding user and password *****************
2023-01-14 23:22:25,389  INFO [main] nopCommerceSDET:82 - ************* click on login *****************
2023-01-14 23:23:26,309  INFO [main] nopCommerceSDET:62 - ************* Launching Browser *****************
2023-01-14 23:23:26,408  INFO [main] nopCommerceSDET:68 - ************* Opening URL  *****************
2023-01-14 23:23:31,369  INFO [main] nopCommerceSDET:75 - ************* Prvding user and password *****************
2023-01-14 23:23:31,772  INFO [main] nopCommerceSDET:82 - ************* click on login *****************
2023-01-14 23:24:42,678  INFO [main] nopCommerceSDET:62 - ************* Launching Browser *****************
2023-01-14 23:24:42,716  INFO [main] nopCommerceSDET:68 - ************* Opening URL  *****************
2023-01-14 23:24:52,685  INFO [main] nopCommerceSDET:75 - ************* Prvding user and password *****************
2023-01-14 23:24:53,029  INFO [main] nopCommerceSDET:82 - ************* click on login *****************
2023-01-14 23:26:54,140  INFO [main] nopCommerceSDET:62 - ************* Launching Browser *****************
2023-01-14 23:26:54,236  INFO [main] nopCommerceSDET:68 - ************* Opening URL  *****************
2023-01-14 23:27:29,790  INFO [main] nopCommerceSDET:62 - ************* Launching Browser *****************
2023-01-14 23:27:29,840  INFO [main] nopCommerceSDET:68 - ************* Opening URL  *****************
2023-01-14 23:27:35,179  INFO [main] nopCommerceSDET:75 - ************* Prvding user and password *****************
2023-01-14 23:27:35,502  INFO [main] nopCommerceSDET:82 - ************* click on login *****************
2023-01-14 23:27:48,704  INFO [main] nopCommerceSDET:97 - ************* Login Passed *****************
2023-01-14 23:27:51,738  INFO [main] nopCommerceSDET:106 - ************* clciking on logout *****************
2023-01-14 23:27:57,268  INFO [main] nopCommerceSDET:97 - ************* Login Passed *****************
2023-01-14 23:28:00,290  INFO [main] nopCommerceSDET:113 - ************* cloding browser *****************
2023-01-14 23:28:39,430  INFO [main] nopCommerceSDET:62 - ************* Launching Browser *****************
2023-01-14 23:28:39,480  INFO [main] nopCommerceSDET:68 - ************* Opening URL  *****************
2023-01-14 23:28:42,729  INFO [main] nopCommerceSDET:75 - ************* Prvding user and password *****************
2023-01-14 23:28:43,060  INFO [main] nopCommerceSDET:82 - ************* click on login *****************
2023-01-14 23:28:55,447  INFO [main] nopCommerceSDET:97 - ************* Login Passed *****************
2023-01-14 23:28:58,475  INFO [main] nopCommerceSDET:106 - ************* clciking on logout *****************
2023-01-14 23:29:03,134  INFO [main] nopCommerceSDET:97 - ************* Login Passed *****************
2023-01-14 23:29:06,151  INFO [main] nopCommerceSDET:113 - ************* cloding browser *****************
2023-01-14 23:30:31,128  INFO [main] nopCommerceSDET:62 - ************* Launching Browser *****************
2023-01-14 23:30:31,173  INFO [main] nopCommerceSDET:68 - ************* Opening URL  *****************
2023-01-14 23:30:34,435  INFO [main] nopCommerceSDET:75 - ************* Prvding user and password *****************
2023-01-14 23:30:34,819  INFO [main] nopCommerceSDET:82 - ************* click on login *****************
2023-01-14 23:30:44,244  INFO [main] nopCommerceSDET:97 - ************* Login Passed *****************
2023-01-14 23:30:47,278  INFO [main] nopCommerceSDET:106 - ************* clciking on logout *****************
2023-01-14 23:30:51,864  INFO [main] nopCommerceSDET:97 - ************* Login Passed *****************
2023-01-14 23:30:54,885  INFO [main] nopCommerceSDET:113 - ************* cloding browser *****************
2023-01-14 23:32:05,723  INFO [main] nopCommerceSDET:62 - ************* Launching Browser *****************
2023-01-14 23:32:05,774  INFO [main] nopCommerceSDET:68 - ************* Opening URL  *****************
2023-01-14 23:32:08,164  INFO [main] nopCommerceSDET:75 - ************* Prvding user and password *****************
2023-01-14 23:32:08,478  INFO [main] nopCommerceSDET:82 - ************* click on login *****************
2023-01-14 23:32:15,660  INFO [main] nopCommerceSDET:97 - ************* Login Passed *****************
2023-01-14 23:32:18,689  INFO [main] nopCommerceSDET:106 - ************* clciking on logout *****************
2023-01-14 23:32:23,302  INFO [main] nopCommerceSDET:97 - ************* Login Passed *****************
2023-01-14 23:32:26,314  INFO [main] nopCommerceSDET:113 - ************* cloding browser *****************
2023-01-14 23:34:25,367  INFO [main] nopCommerceSDET:62 - ************* Launching Browser *****************
2023-01-14 23:34:25,427  INFO [main] nopCommerceSDET:68 - ************* Opening URL  *****************
2023-01-14 23:34:29,026  INFO [main] nopCommerceSDET:75 - ************* Prvding user and password *****************
2023-01-14 23:34:29,348  INFO [main] nopCommerceSDET:82 - ************* click on login *****************
2023-01-14 23:34:34,211  INFO [main] nopCommerceSDET:97 - ************* Login Passed *****************
2023-01-14 23:34:37,241  INFO [main] nopCommerceSDET:106 - ************* clciking on logout *****************
2023-01-14 23:34:41,885  INFO [main] nopCommerceSDET:97 - ************* Login Passed *****************
2023-01-14 23:34:44,905  INFO [main] nopCommerceSDET:113 - ************* cloding browser *****************
2023-01-14 23:34:46,350  INFO [main] nopCommerceSDET:62 - ************* Launching Browser *****************
2023-01-14 23:34:46,355  INFO [main] nopCommerceSDET:68 - ************* Opening URL  *****************
2023-01-14 23:34:48,959  INFO [main] nopCommerceSDET:75 - ************* Prvding user and password *****************
2023-01-14 23:34:49,274  INFO [main] nopCommerceSDET:82 - ************* click on login *****************
2023-01-14 23:34:56,587  INFO [main] nopCommerceSDET:97 - ************* Login Passed *****************
2023-01-14 23:34:59,600  INFO [main] nopCommerceSDET:106 - ************* clciking on logout *****************
2023-01-14 23:35:04,174  INFO [main] nopCommerceSDET:97 - ************* Login Passed *****************
2023-01-14 23:35:07,193  INFO [main] nopCommerceSDET:113 - ************* cloding browser *****************
2023-01-14 23:35:08,559  INFO [main] nopCommerceSDET:62 - ************* Launching Browser *****************
2023-01-14 23:35:08,561  INFO [main] nopCommerceSDET:68 - ************* Opening URL  *****************
2023-01-14 23:35:11,535  INFO [main] nopCommerceSDET:75 - ************* Prvding user and password *****************
2023-01-14 23:35:11,990  INFO [main] nopCommerceSDET:82 - ************* click on login *****************
2023-01-14 23:35:13,249  INFO [main] nopCommerceSDET:91 - ************* Login failed *****************
2023-01-15 00:08:22,926  INFO [main] nopCommerceSDET:62 - ************* Launching Browser *****************
2023-01-15 00:08:23,026  INFO [main] nopCommerceSDET:68 - ************* Opening URL  *****************
2023-01-15 00:08:24,684  INFO [main] nopCommerceSDET:75 - ************* Prvding user and password *****************
2023-01-15 00:08:25,099  INFO [main] nopCommerceSDET:82 - ************* click on login *****************
2023-01-15 00:08:30,969  INFO [main] nopCommerceSDET:97 - ************* Login Passed *****************
2023-01-15 00:08:34,005  INFO [main] nopCommerceSDET:106 - ************* clciking on logout *****************
2023-01-15 00:08:38,708  INFO [main] nopCommerceSDET:97 - ************* Login Passed *****************
2023-01-15 00:08:41,719  INFO [main] nopCommerceSDET:113 - ************* cloding browser *****************
2023-01-15 00:08:43,463  INFO [main] nopCommerceSDET:62 - ************* Launching Browser *****************
2023-01-15 00:08:43,466  INFO [main] nopCommerceSDET:68 - ************* Opening URL  *****************
2023-01-15 00:08:47,779  INFO [main] nopCommerceSDET:75 - ************* Prvding user and password *****************
2023-01-15 00:08:48,102  INFO [main] nopCommerceSDET:82 - ************* click on login *****************
2023-01-15 00:08:49,405  INFO [main] nopCommerceSDET:91 - ************* Login failed *****************
2023-01-15 00:12:56,964  INFO [main] nopCommerceSDET:62 - ************* Launching Browser *****************
2023-01-15 00:12:57,027  INFO [main] nopCommerceSDET:68 - ************* Opening URL  *****************
2023-01-15 00:13:00,157  INFO [main] nopCommerceSDET:75 - ************* Prvding user and password *****************
2023-01-15 00:13:00,572  INFO [main] nopCommerceSDET:82 - ************* click on login *****************
2023-01-15 00:13:01,914  INFO [main] nopCommerceSDET:91 - ************* Login failed *****************
2023-01-15 00:14:24,015  INFO [main] nopCommerceSDET:62 - ************* Launching Browser *****************
2023-01-15 00:14:24,080  INFO [main] nopCommerceSDET:68 - ************* Opening URL  *****************
2023-01-15 00:14:27,764  INFO [main] nopCommerceSDET:75 - ************* Prvding user and password *****************
2023-01-15 00:14:28,142  INFO [main] nopCommerceSDET:82 - ************* click on login *****************
2023-01-15 00:14:29,555  INFO [main] nopCommerceSDET:91 - ************* Login failed *****************
2023-01-15 00:17:29,143  INFO [main] nopCommerceSDET:62 - ************* Launching Browser *****************
2023-01-15 00:17:29,213  INFO [main] nopCommerceSDET:68 - ************* Opening URL  *****************
2023-01-15 00:17:32,034  INFO [main] nopCommerceSDET:75 - ************* Prvding user and password *****************
2023-01-15 00:17:32,452  INFO [main] nopCommerceSDET:82 - ************* click on login *****************
2023-01-15 00:17:37,856  INFO [main] nopCommerceSDET:97 - ************* Login Passed *****************
2023-01-15 00:17:40,875  INFO [main] nopCommerceSDET:106 - ************* clciking on logout *****************
2023-01-15 00:17:45,642  INFO [main] nopCommerceSDET:97 - ************* Login Passed *****************
2023-01-15 00:17:48,649  INFO [main] nopCommerceSDET:113 - ************* cloding browser *****************
2023-01-15 00:17:49,945  INFO [main] nopCommerceSDET:62 - ************* Launching Browser *****************
2023-01-15 00:17:49,947  INFO [main] nopCommerceSDET:68 - ************* Opening URL  *****************
2023-01-15 00:17:53,770  INFO [main] nopCommerceSDET:75 - ************* Prvding user and password *****************
2023-01-15 00:17:54,125  INFO [main] nopCommerceSDET:82 - ************* click on login *****************
2023-01-15 00:17:55,543  INFO [main] nopCommerceSDET:91 - ************* Login failed *****************
2023-01-15 00:18:27,486  INFO [main] nopCommerceSDET:62 - ************* Launching Browser *****************
2023-01-15 00:18:27,559  INFO [main] nopCommerceSDET:68 - ************* Opening URL  *****************
2023-01-15 00:18:29,985  INFO [main] nopCommerceSDET:75 - ************* Prvding user and password *****************
2023-01-15 00:18:30,323  INFO [main] nopCommerceSDET:82 - ************* click on login *****************
2023-01-15 00:18:31,714  INFO [main] nopCommerceSDET:91 - ************* Login failed *****************
